<?xml version="1.0" encoding="UTF-8"?>
<!-- Generated by org.testng.reporters.JUnitXMLReporter -->
<testsuite ignored="0" hostname="DESKTOP-3C9HAJ0" failures="1" tests="1" name="Test" time="8.599" errors="0" timestamp="2022-10-22T13:56:04 IST">
  <testcase classname="GroupSender.Category1" name="familyRelationship" time="8.528">
    <failure type="java.lang.IllegalArgumentException" message="Extension must exist: E:\Java\WPGroup\Extension\AdBlock.crx">
      <![CDATA[java.lang.IllegalArgumentException: Extension must exist: E:\Java\WPGroup\Extension\AdBlock.crx
at org.openqa.selenium.internal.Require$FileChecker.isFile(Require.java:267)
at org.openqa.selenium.chromium.ChromiumOptions.lambda$addExtensions$0(ChromiumOptions.java:148)
at java.base/java.util.Arrays$ArrayList.forEach(Arrays.java:4204)
at org.openqa.selenium.chromium.ChromiumOptions.addExtensions(ChromiumOptions.java:148)
at org.openqa.selenium.chromium.ChromiumOptions.addExtensions(ChromiumOptions.java:137)
at GroupSender.InitDriver.startDriver(InitDriver.java:17)
at GroupSender.Category1.familyRelationship(Category1.java:12)
at java.base/java.util.ArrayList.forEach(ArrayList.java:1511)
... Removed 27 stack frames]]>
    </failure>
  </testcase> <!-- familyRelationship -->
</testsuite> <!-- Test -->
