<?xml version="1.0" encoding="UTF-8"?>
<testng-results ignored="0" total="1" passed="1" failed="0" skipped="0">
  <reporter-output>
  </reporter-output>
  <suite started-at="2022-10-23T18:28:18 IST" name="Default suite" finished-at="2022-10-23T18:47:43 IST" duration-ms="1165094">
    <groups>
    </groups>
    <test started-at="2022-10-23T18:28:18 IST" name="Default test" finished-at="2022-10-23T18:47:43 IST" duration-ms="1165094">
      <class name="GroupSender.Category1">
        <test-method signature="familyRelationship()[pri:0, instance:GroupSender.Category1@dd8ba08]" started-at="2022-10-23T18:28:18 IST" name="familyRelationship" finished-at="2022-10-23T18:47:43 IST" duration-ms="1164936" status="PASS">
          <reporter-output>
          </reporter-output>
        </test-method> <!-- familyRelationship -->
      </class> <!-- GroupSender.Category1 -->
    </test> <!-- Default test -->
  </suite> <!-- Default suite -->
</testng-results>
